<?xml version="1.0" encoding="UTF-8"?>
<!-- Generated by org.testng.reporters.JUnitXMLReporter -->
<testsuite hostname="USMUMKAMADAN3" ignored="0" name="Surefire test" tests="3" failures="0" timestamp="10 Jul 2018 10:27:03 GMT" time="6.304" errors="0">
  <testcase name="FirstTestCase" time="6.254" classname="test.java.MavenTest"/>
  <testcase name="SecondTestCase" time="0.0" classname="test.java.MavenTest"/>
  <testcase name="ThirdTestCase" time="0.0" classname="test.java.MavenTest"/>
</testsuite> <!-- Surefire test -->
