<?xml version="1.0" encoding="UTF-8"?>
<!-- Generated by org.testng.reporters.JUnitXMLReporter -->
<testsuite hostname="USMUMKAMADAN3" ignored="0" name="ExampleTest" tests="5" failures="1" timestamp="16 Jul 2018 12:11:26 GMT" time="23.094" errors="0">
  <testcase name="DemoQA" time="7.267" classname="Flows.LoginLogout"/>
  <testcase name="DemoQARegister" time="10.925" classname="Flows.LoginLogout"/>
  <testcase name="FirstTestCase" time="0.082" classname="Flows.LoginLogout2">
    <failure type="java.lang.AssertionError" message="Assertion Inside Catch expected [true] but found [false]">
      <![CDATA[java.lang.AssertionError: Assertion Inside Catch expected [true] but found [false]
at Keywords.KeywordRepository.loadURL(KeywordRepository.java:104)
at Flows.LoginLogout2.FirstTestCase(LoginLogout2.java:26)
... Removed 32 stack frames]]>
    </failure>
  </testcase> <!-- FirstTestCase -->
  <testcase name="SecondTestCase" time="0.0" classname="Flows.LoginLogout2"/>
  <testcase name="ThirdTestCase" time="0.0" classname="Flows.LoginLogout2"/>
</testsuite> <!-- ExampleTest -->
