<?xml version="1.0" encoding="UTF-8"?>
<testng-results skipped="0" failed="0" ignored="0" total="1" passed="1">
  <reporter-output>
  </reporter-output>
  <suite name="Surefire suite" duration-ms="5954" started-at="2018-07-10T10:06:25Z" finished-at="2018-07-10T10:06:31Z">
    <groups>
    </groups>
    <test name="Surefire test" duration-ms="5954" started-at="2018-07-10T10:06:25Z" finished-at="2018-07-10T10:06:31Z">
      <class name="test.java.MavenTest">
        <test-method status="PASS" signature="f()[pri:0, instance:test.java.MavenTest@2d3fcdbd]" name="f" duration-ms="5911" started-at="2018-07-10T10:06:25Z" finished-at="2018-07-10T10:06:31Z">
          <reporter-output>
          </reporter-output>
        </test-method> <!-- f -->
      </class> <!-- test.java.MavenTest -->
    </test> <!-- Surefire test -->
  </suite> <!-- Surefire suite -->
</testng-results>
