<?xml version="1.0" encoding="UTF-8"?>
<testng-results skipped="0" failed="0" ignored="0" total="3" passed="3">
  <reporter-output>
  </reporter-output>
  <suite name="Default suite" duration-ms="5637" started-at="2018-07-10T10:31:18Z" finished-at="2018-07-10T10:31:24Z">
    <groups>
    </groups>
    <test name="Default test" duration-ms="5637" started-at="2018-07-10T10:31:18Z" finished-at="2018-07-10T10:31:24Z">
      <class name="test.java.MavenTest">
        <test-method status="PASS" signature="FirstTestCase()[pri:0, instance:test.java.MavenTest@1bce4f0a]" name="FirstTestCase" duration-ms="5567" started-at="2018-07-10T10:31:18Z" finished-at="2018-07-10T10:31:24Z">
          <reporter-output>
          </reporter-output>
        </test-method> <!-- FirstTestCase -->
        <test-method status="PASS" signature="SecondTestCase()[pri:0, instance:test.java.MavenTest@1bce4f0a]" name="SecondTestCase" duration-ms="2" started-at="2018-07-10T10:31:24Z" finished-at="2018-07-10T10:31:24Z">
          <reporter-output>
          </reporter-output>
        </test-method> <!-- SecondTestCase -->
        <test-method status="PASS" signature="ThirdTestCase()[pri:0, instance:test.java.MavenTest@1bce4f0a]" name="ThirdTestCase" duration-ms="2" started-at="2018-07-10T10:31:24Z" finished-at="2018-07-10T10:31:24Z">
          <reporter-output>
          </reporter-output>
        </test-method> <!-- ThirdTestCase -->
      </class> <!-- test.java.MavenTest -->
    </test> <!-- Default test -->
  </suite> <!-- Default suite -->
</testng-results>
